TN:
SF:src/app.ts
FN:7,(anonymous_1)
FN:13,(anonymous_2)
FN:17,(anonymous_3)
FNF:3
FNH:3
FNDA:1,(anonymous_1)
FNDA:1,(anonymous_2)
FNDA:1,(anonymous_3)
DA:1,1
DA:2,1
DA:4,1
DA:8,1
DA:9,1
DA:10,1
DA:14,1
DA:18,1
LF:8
LH:8
BRF:0
BRH:0
end_of_record
TN:
SF:src/router.ts
FNF:0
FNH:0
DA:1,1
DA:2,1
DA:3,1
DA:5,1
DA:6,1
DA:7,1
DA:10,1
DA:13,1
DA:15,1
LF:9
LH:9
BRF:0
BRH:0
end_of_record
TN:
SF:src/server.ts
FN:5,(anonymous_0)
FNF:1
FNH:0
FNDA:0,(anonymous_0)
DA:1,0
DA:3,0
DA:5,0
DA:6,0
LF:4
LH:0
BRF:0
BRH:0
end_of_record
TN:
SF:src/endpoints/home/HomeController.ts
FN:4,(anonymous_0)
FNF:1
FNH:0
FNDA:0,(anonymous_0)
DA:3,1
DA:5,0
LF:2
LH:1
BRF:0
BRH:0
end_of_record
TN:
SF:src/endpoints/users/UserController.ts
FN:7,(anonymous_0)
FN:11,(anonymous_1)
FNF:2
FNH:2
FNDA:1,(anonymous_0)
FNDA:1,(anonymous_1)
DA:3,1
DA:6,1
DA:8,1
DA:9,1
DA:11,1
DA:12,1
DA:18,1
LF:7
LH:7
BRF:0
BRH:0
end_of_record
TN:
SF:src/endpoints/users/userRepository.ts
FN:3,(anonymous_0)
FN:32,(anonymous_1)
FNF:2
FNH:1
FNDA:1,(anonymous_0)
FNDA:0,(anonymous_1)
DA:3,1
DA:4,1
DA:33,0
LF:3
LH:2
BRF:0
BRH:0
end_of_record
